<?xml version="1.0" encoding="UTF-8"?>
<!-- Generated by org.testng.reporters.JUnitXMLReporter -->
<testsuite ignored="0" hostname="DESKTOP-M0KR718" failures="0" tests="1" name="Test" time="7.896" errors="0" timestamp="2025-09-09T02:52:51 IST">
  <testcase classname="com.myproject.testcases.BaseClass" name="@BeforeClass setup" time="7.808">
    <failure type="org.apache.logging.log4j.core.config.ConfigurationException" message="No type attribute provided for component properties">
      <![CDATA[org.apache.logging.log4j.core.config.ConfigurationException: No type attribute provided for component properties
at org.apache.logging.log4j.core.config.properties.PropertiesConfigurationBuilder.createComponent(PropertiesConfigurationBuilder.java:362)
at org.apache.logging.log4j.core.config.properties.PropertiesConfigurationBuilder.processRemainingProperties(PropertiesConfigurationBuilder.java:206)
at org.apache.logging.log4j.core.config.properties.PropertiesConfigurationBuilder.build(PropertiesConfigurationBuilder.java:190)
at org.apache.logging.log4j.core.config.properties.PropertiesConfigurationFactory.getConfiguration(PropertiesConfigurationFactory.java:56)
at org.apache.logging.log4j.core.config.properties.PropertiesConfigurationFactory.getConfiguration(PropertiesConfigurationFactory.java:34)
at org.apache.logging.log4j.core.config.ConfigurationFactory$Factory.getConfiguration(ConfigurationFactory.java:544)
at org.apache.logging.log4j.core.config.ConfigurationFactory$Factory.getConfiguration(ConfigurationFactory.java:463)
at org.apache.logging.log4j.core.config.ConfigurationFactory.getConfiguration(ConfigurationFactory.java:321)
at org.apache.logging.log4j.core.LoggerContext.reconfigure(LoggerContext.java:778)
at org.apache.logging.log4j.core.LoggerContext.reconfigure(LoggerContext.java:808)
at org.apache.logging.log4j.core.LoggerContext.start(LoggerContext.java:311)
at org.apache.logging.log4j.core.impl.Log4jContextFactory.getContext(Log4jContextFactory.java:264)
at org.apache.logging.log4j.core.impl.Log4jContextFactory.getContext(Log4jContextFactory.java:48)
at org.apache.logging.log4j.LogManager.getContext(LogManager.java:119)
at org.apache.logging.log4j.LogManager.getLogger(LogManager.java:624)
at com.myproject.testcases.BaseClass.setup(BaseClass.java:58)
at java.base/java.util.ArrayList.forEach(ArrayList.java:1596)
... Removed 23 stack frames]]>
    </failure>
  </testcase> <!-- @BeforeClass setup -->
  <testcase classname="com.myproject.testcases.BaseClass" name="@AfterClass tearDown" time="0.0">
    <skipped/>
  </testcase> <!-- @AfterClass tearDown -->
  <testcase classname="com.myproject.testcases.TC_loginAccountTest" name="verifyRegistrationLoginPage" time="0.0">
    <skipped/>
  </testcase> <!-- verifyRegistrationLoginPage -->
</testsuite> <!-- Test -->
